<?xml version="1.0" encoding="UTF-8"?>
<!-- Generated by org.testng.reporters.JUnitXMLReporter -->
<testsuite ignored="1" hostname="Yash" failures="1" tests="1" name="Surefire test" time="9.522" errors="0" timestamp="2025-05-13T12:58:04 IST">
  <testcase classname="inventoryTests.AddProductToCartTest" name="sampleTest" time="0.014">
    <failure type="java.lang.AssertionError" message="null">
      <![CDATA[java.lang.AssertionError: null
at inventoryTests.AddProductToCartTest.sampleTest(AddProductToCartTest.java:69)
at java.base/java.util.ArrayList.forEach(ArrayList.java:1511)
... Removed 34 stack frames]]>
    </failure>
  </testcase> <!-- sampleTest -->
  <testcase classname="inventoryTests.AddProductToCartTest" name="tc_01_AddProductTocartTest" time="0.0">
    <ignored/>
  </testcase> <!-- tc_01_AddProductTocartTest -->
</testsuite> <!-- Surefire test -->
